<?xml version="1.0" encoding="UTF-8"?>
<coverage generated="1610289670177" clover="3.2.0">
  <project timestamp="1610289670177" name="All files">
    <metrics statements="17" coveredstatements="17" conditionals="4" coveredconditionals="4" methods="3" coveredmethods="3" elements="24" coveredelements="24" complexity="0" loc="17" ncloc="17" packages="1" files="1" classes="1"/>
    <file name="self-indexed-sort.ts" path="E:\Group15_Term_Project\self-indexed-sort.ts">
      <metrics statements="17" coveredstatements="17" conditionals="4" coveredconditionals="4" methods="3" coveredmethods="3"/>
      <line num="1" count="1" type="stmt"/>
      <line num="2" count="30001" type="stmt"/>
      <line num="3" count="30001" type="stmt"/>
      <line num="5" count="30001" type="stmt"/>
      <line num="6" count="30000005" type="cond" truecount="2" falsecount="0"/>
      <line num="7" count="30000005" type="cond" truecount="2" falsecount="0"/>
      <line num="10" count="30001" type="stmt"/>
      <line num="12" count="30001" type="stmt"/>
      <line num="14" count="30001" type="stmt"/>
      <line num="15" count="30000005" type="stmt"/>
      <line num="18" count="30001" type="stmt"/>
      <line num="19" count="30001" type="stmt"/>
      <line num="20" count="11089331" type="stmt"/>
      <line num="21" count="30000005" type="stmt"/>
      <line num="22" count="30000005" type="stmt"/>
      <line num="25" count="30001" type="stmt"/>
      <line num="28" count="1" type="stmt"/>
    </file>
  </project>
</coverage>
