{"E:\\Group15_Term_Project\\self-indexed-sort.ts": {"path":"E:\\Group15_Term_Project\\self-indexed-sort.ts","statementMap":{"0":{"start":{"line":1,"column":22},"end":{"line":26,"column":1}},"1":{"start":{"line":2,"column":23},"end":{"line":2,"column":29}},"2":{"start":{"line":3,"column":23},"end":{"line":3,"column":29}},"3":{"start":{"line":5,"column":2},"end":{"line":8,"column":5}},"4":{"start":{"line":6,"column":4},"end":{"line":6,"column":33}},"5":{"start":{"line":6,"column":21},"end":{"line":6,"column":33}},"6":{"start":{"line":7,"column":4},"end":{"line":7,"column":33}},"7":{"start":{"line":7,"column":21},"end":{"line":7,"column":33}},"8":{"start":{"line":10,"column":26},"end":{"line":10,"column":45}},"9":{"start":{"line":12,"column":33},"end":{"line":12,"column":59}},"10":{"start":{"line":14,"column":2},"end":{"line":16,"column":5}},"11":{"start":{"line":15,"column":4},"end":{"line":15,"column":29}},"12":{"start":{"line":18,"column":18},"end":{"line":18,"column":19}},"13":{"start":{"line":19,"column":2},"end":{"line":24,"column":null}},"14":{"start":{"line":19,"column":19},"end":{"line":19,"column":20}},"15":{"start":{"line":20,"column":4},"end":{"line":23,"column":null}},"16":{"start":{"line":21,"column":6},"end":{"line":21,"column":32}},"17":{"start":{"line":22,"column":6},"end":{"line":22,"column":25}},"18":{"start":{"line":25,"column":2},"end":{"line":25,"column":13}},"19":{"start":{"line":28,"column":0},"end":{"line":28,"column":29}}},"fnMap":{"0":{"name":"(anonymous_0)","decl":{"start":{"line":1,"column":22},"end":{"line":1,"column":23}},"loc":{"start":{"line":1,"column":41},"end":{"line":26,"column":1}}},"1":{"name":"(anonymous_1)","decl":{"start":{"line":5,"column":14},"end":{"line":5,"column":15}},"loc":{"start":{"line":5,"column":17},"end":{"line":8,"column":3}}},"2":{"name":"(anonymous_2)","decl":{"start":{"line":14,"column":14},"end":{"line":14,"column":15}},"loc":{"start":{"line":14,"column":17},"end":{"line":16,"column":3}}}},"branchMap":{"0":{"loc":{"start":{"line":6,"column":4},"end":{"line":6,"column":33}},"type":"if","locations":[{"start":{"line":6,"column":4},"end":{"line":6,"column":33}},{"start":{"line":6,"column":4},"end":{"line":6,"column":33}}]},"1":{"loc":{"start":{"line":7,"column":4},"end":{"line":7,"column":33}},"type":"if","locations":[{"start":{"line":7,"column":4},"end":{"line":7,"column":33}},{"start":{"line":7,"column":4},"end":{"line":7,"column":33}}]}},"s":{"0":1,"1":30001,"2":30001,"3":30001,"4":30000005,"5":6699927,"6":30000005,"7":1842,"8":30001,"9":30001,"10":30001,"11":30000005,"12":30001,"13":30001,"14":30001,"15":11089331,"16":30000005,"17":30000005,"18":30001,"19":1},"f":{"0":30001,"1":30000005,"2":30000005},"b":{"0":[6699927,23300078],"1":[1842,29998163]}}
}
