TN:
SF:self-indexed-sort.ts
FN:1,(anonymous_0)
FN:5,(anonymous_1)
FN:14,(anonymous_2)
FNF:3
FNH:3
FNDA:30001,(anonymous_0)
FNDA:30000005,(anonymous_1)
FNDA:30000005,(anonymous_2)
DA:1,1
DA:2,30001
DA:3,30001
DA:5,30001
DA:6,30000005
DA:7,30000005
DA:10,30001
DA:12,30001
DA:14,30001
DA:15,30000005
DA:18,30001
DA:19,30001
DA:20,11089331
DA:21,30000005
DA:22,30000005
DA:25,30001
DA:28,1
LF:17
LH:17
BRDA:6,0,0,6699927
BRDA:6,0,1,23300078
BRDA:7,1,0,1842
BRDA:7,1,1,29998163
BRF:4
BRH:4
end_of_record
